2019-11-12 12:08:13,053 - train - INFO - ConditionalHandwriting(
  (rnn_with_gaussian_attention): LSTMWithGaussianAttention(
    (lstm_cell): LSTMCell(81, 300)
    (window_layer): Linear(in_features=300, out_features=30, bias=True)
  )
  (rnn_2): LSTM(381, 300, batch_first=True, dropout=0.3)
  (norm_layer): LayerNorm((300,), eps=1e-05, elementwise_affine=True)
  (mixture_density_layer): Linear(in_features=300, out_features=109, bias=True)
)
Trainable parameters: 1321639
2019-11-12 12:14:55,803 - trainer - INFO -     epoch          : 1
2019-11-12 12:14:55,804 - trainer - INFO -     loss           : 512.2845672968576
2019-11-12 12:14:55,804 - trainer - INFO -     val_loss       : 314.65802242881375
2019-11-12 12:14:55,882 - trainer - INFO - Saving checkpoint: saved/models/ConditionalHandwriting/1112_120807/checkpoint-epoch1.pth ...
2019-11-12 12:14:55,938 - trainer - INFO - Saving current best: model_best.pth ...
2019-11-12 12:21:40,127 - trainer - INFO -     epoch          : 2
2019-11-12 12:21:40,127 - trainer - INFO -     loss           : 266.53856618305633
2019-11-12 12:21:40,127 - trainer - INFO -     val_loss       : 227.68619336579977
2019-11-12 12:21:40,207 - trainer - INFO - Saving checkpoint: saved/models/ConditionalHandwriting/1112_120807/checkpoint-epoch2.pth ...
2019-11-12 12:21:40,289 - trainer - INFO - Saving current best: model_best.pth ...
2019-11-12 12:28:23,565 - trainer - INFO -     epoch          : 3
2019-11-12 12:28:23,565 - trainer - INFO -     loss           : 194.93456658809143
2019-11-12 12:28:23,565 - trainer - INFO -     val_loss       : 165.83062784295333
2019-11-12 12:28:23,645 - trainer - INFO - Saving checkpoint: saved/models/ConditionalHandwriting/1112_120807/checkpoint-epoch3.pth ...
2019-11-12 12:28:23,707 - trainer - INFO - Saving current best: model_best.pth ...
2019-11-12 12:35:07,612 - trainer - INFO -     epoch          : 4
2019-11-12 12:35:07,612 - trainer - INFO -     loss           : 152.43373656413965
2019-11-12 12:35:07,612 - trainer - INFO -     val_loss       : 138.35282094855057
2019-11-12 12:35:07,689 - trainer - INFO - Saving checkpoint: saved/models/ConditionalHandwriting/1112_120807/checkpoint-epoch4.pth ...
2019-11-12 12:35:07,752 - trainer - INFO - Saving current best: model_best.pth ...
2019-11-12 12:41:50,291 - trainer - INFO -     epoch          : 5
2019-11-12 12:41:50,291 - trainer - INFO -     loss           : 118.11884933110525
2019-11-12 12:41:50,291 - trainer - INFO -     val_loss       : 110.68150048506887
2019-11-12 12:41:50,372 - trainer - INFO - Saving checkpoint: saved/models/ConditionalHandwriting/1112_120807/checkpoint-epoch5.pth ...
2019-11-12 12:41:50,438 - trainer - INFO - Saving current best: model_best.pth ...
2019-11-12 12:48:29,805 - trainer - INFO -     epoch          : 6
2019-11-12 12:48:29,805 - trainer - INFO -     loss           : 95.0784659752479
2019-11-12 12:48:29,805 - trainer - INFO -     val_loss       : 82.50632095336914
2019-11-12 12:48:29,883 - trainer - INFO - Saving checkpoint: saved/models/ConditionalHandwriting/1112_120807/checkpoint-epoch6.pth ...
2019-11-12 12:48:29,950 - trainer - INFO - Saving current best: model_best.pth ...
2019-11-12 12:55:09,576 - trainer - INFO -     epoch          : 7
2019-11-12 12:55:09,576 - trainer - INFO -     loss           : 70.05193775786451
2019-11-12 12:55:09,576 - trainer - INFO -     val_loss       : 60.066308874832956
2019-11-12 12:55:09,656 - trainer - INFO - Saving checkpoint: saved/models/ConditionalHandwriting/1112_120807/checkpoint-epoch7.pth ...
2019-11-12 12:55:09,730 - trainer - INFO - Saving current best: model_best.pth ...
2019-11-12 13:01:52,154 - trainer - INFO -     epoch          : 8
2019-11-12 13:01:52,154 - trainer - INFO -     loss           : 52.02992706750272
2019-11-12 13:01:52,154 - trainer - INFO -     val_loss       : 60.359096125552526
2019-11-12 13:01:52,226 - trainer - INFO - Saving checkpoint: saved/models/ConditionalHandwriting/1112_120807/checkpoint-epoch8.pth ...
2019-11-12 13:08:35,785 - trainer - INFO -     epoch          : 9
2019-11-12 13:08:35,786 - trainer - INFO -     loss           : 38.86654453164727
2019-11-12 13:08:35,786 - trainer - INFO -     val_loss       : 43.00361854151676
2019-11-12 13:08:35,858 - trainer - INFO - Saving checkpoint: saved/models/ConditionalHandwriting/1112_120807/checkpoint-epoch9.pth ...
2019-11-12 13:08:35,931 - trainer - INFO - Saving current best: model_best.pth ...
2019-11-12 13:15:18,162 - trainer - INFO -     epoch          : 10
2019-11-12 13:15:18,163 - trainer - INFO -     loss           : 22.639682882636258
2019-11-12 13:15:18,163 - trainer - INFO -     val_loss       : 18.592525682951276
2019-11-12 13:15:18,244 - trainer - INFO - Saving checkpoint: saved/models/ConditionalHandwriting/1112_120807/checkpoint-epoch10.pth ...
2019-11-12 13:15:18,313 - trainer - INFO - Saving current best: model_best.pth ...
2019-11-12 13:22:00,250 - trainer - INFO -     epoch          : 11
2019-11-12 13:22:00,250 - trainer - INFO -     loss           : 9.890394560684113
2019-11-12 13:22:00,250 - trainer - INFO -     val_loss       : 8.525114762155633
2019-11-12 13:22:00,328 - trainer - INFO - Saving checkpoint: saved/models/ConditionalHandwriting/1112_120807/checkpoint-epoch11.pth ...
2019-11-12 13:22:00,392 - trainer - INFO - Saving current best: model_best.pth ...
2019-11-12 13:28:43,388 - trainer - INFO -     epoch          : 12
2019-11-12 13:28:43,388 - trainer - INFO -     loss           : -0.3093717902369753
2019-11-12 13:28:43,388 - trainer - INFO -     val_loss       : -0.6077009502210116
2019-11-12 13:28:43,459 - trainer - INFO - Saving checkpoint: saved/models/ConditionalHandwriting/1112_120807/checkpoint-epoch12.pth ...
2019-11-12 13:28:43,522 - trainer - INFO - Saving current best: model_best.pth ...
2019-11-12 13:35:20,060 - trainer - INFO -     epoch          : 13
2019-11-12 13:35:20,060 - trainer - INFO -     loss           : -7.938732846954165
2019-11-12 13:35:20,060 - trainer - INFO -     val_loss       : -10.567907433760794
2019-11-12 13:35:20,133 - trainer - INFO - Saving checkpoint: saved/models/ConditionalHandwriting/1112_120807/checkpoint-epoch13.pth ...
2019-11-12 13:35:20,201 - trainer - INFO - Saving current best: model_best.pth ...
2019-11-12 13:42:01,041 - trainer - INFO -     epoch          : 14
2019-11-12 13:42:01,041 - trainer - INFO -     loss           : -18.503659129848142
2019-11-12 13:42:01,042 - trainer - INFO -     val_loss       : -13.195922048468338
2019-11-12 13:42:01,126 - trainer - INFO - Saving checkpoint: saved/models/ConditionalHandwriting/1112_120807/checkpoint-epoch14.pth ...
2019-11-12 13:42:01,187 - trainer - INFO - Saving current best: model_best.pth ...
2019-11-12 13:48:41,793 - trainer - INFO -     epoch          : 15
2019-11-12 13:48:41,793 - trainer - INFO -     loss           : -27.796319814828728
2019-11-12 13:48:41,794 - trainer - INFO -     val_loss       : -22.77447429456209
2019-11-12 13:48:41,871 - trainer - INFO - Saving checkpoint: saved/models/ConditionalHandwriting/1112_120807/checkpoint-epoch15.pth ...
2019-11-12 13:48:41,942 - trainer - INFO - Saving current best: model_best.pth ...
2019-11-12 13:55:27,189 - trainer - INFO -     epoch          : 16
2019-11-12 13:55:27,189 - trainer - INFO -     loss           : -35.253419887384716
2019-11-12 13:55:27,190 - trainer - INFO -     val_loss       : -29.221907967015316
2019-11-12 13:55:27,258 - trainer - INFO - Saving checkpoint: saved/models/ConditionalHandwriting/1112_120807/checkpoint-epoch16.pth ...
2019-11-12 13:55:27,326 - trainer - INFO - Saving current best: model_best.pth ...
2019-11-12 14:02:08,657 - trainer - INFO -     epoch          : 17
2019-11-12 14:02:08,658 - trainer - INFO -     loss           : -40.64648268208701
2019-11-12 14:02:08,658 - trainer - INFO -     val_loss       : -34.20373474924188
2019-11-12 14:02:08,742 - trainer - INFO - Saving checkpoint: saved/models/ConditionalHandwriting/1112_120807/checkpoint-epoch17.pth ...
2019-11-12 14:02:08,804 - trainer - INFO - Saving current best: model_best.pth ...
2019-11-12 14:08:51,324 - trainer - INFO -     epoch          : 18
2019-11-12 14:08:51,325 - trainer - INFO -     loss           : -47.35165583593606
2019-11-12 14:08:51,325 - trainer - INFO -     val_loss       : -34.70520099840666
2019-11-12 14:08:51,413 - trainer - INFO - Saving checkpoint: saved/models/ConditionalHandwriting/1112_120807/checkpoint-epoch18.pth ...
2019-11-12 14:08:51,501 - trainer - INFO - Saving current best: model_best.pth ...
2019-11-12 14:15:36,804 - trainer - INFO -     epoch          : 19
2019-11-12 14:15:36,804 - trainer - INFO -     loss           : -53.81342299873307
2019-11-12 14:15:36,805 - trainer - INFO -     val_loss       : -45.60217124537418
2019-11-12 14:15:36,877 - trainer - INFO - Saving checkpoint: saved/models/ConditionalHandwriting/1112_120807/checkpoint-epoch19.pth ...
2019-11-12 14:15:36,957 - trainer - INFO - Saving current best: model_best.pth ...
2019-11-12 14:22:20,535 - trainer - INFO -     epoch          : 20
2019-11-12 14:22:20,536 - trainer - INFO -     loss           : -59.85925760212734
2019-11-12 14:22:20,536 - trainer - INFO -     val_loss       : -50.510461506090664
2019-11-12 14:22:20,615 - trainer - INFO - Saving checkpoint: saved/models/ConditionalHandwriting/1112_120807/checkpoint-epoch20.pth ...
2019-11-12 14:22:20,677 - trainer - INFO - Saving current best: model_best.pth ...
2019-11-12 14:29:01,635 - trainer - INFO -     epoch          : 21
2019-11-12 14:29:01,635 - trainer - INFO -     loss           : -71.01547688139966
2019-11-12 14:29:01,636 - trainer - INFO -     val_loss       : -64.9560342085989
2019-11-12 14:29:01,716 - trainer - INFO - Saving checkpoint: saved/models/ConditionalHandwriting/1112_120807/checkpoint-epoch21.pth ...
2019-11-12 14:29:01,793 - trainer - INFO - Saving current best: model_best.pth ...
2019-11-12 14:35:44,194 - trainer - INFO -     epoch          : 22
2019-11-12 14:35:44,194 - trainer - INFO -     loss           : -86.83216511427298
2019-11-12 14:35:44,195 - trainer - INFO -     val_loss       : -77.55096696552478
2019-11-12 14:35:44,278 - trainer - INFO - Saving checkpoint: saved/models/ConditionalHandwriting/1112_120807/checkpoint-epoch22.pth ...
2019-11-12 14:35:44,367 - trainer - INFO - Saving current best: model_best.pth ...
2019-11-12 14:42:38,606 - trainer - INFO -     epoch          : 23
2019-11-12 14:42:38,606 - trainer - INFO -     loss           : -94.34902261135846
2019-11-12 14:42:38,606 - trainer - INFO -     val_loss       : -80.97180557250977
2019-11-12 14:42:38,683 - trainer - INFO - Saving checkpoint: saved/models/ConditionalHandwriting/1112_120807/checkpoint-epoch23.pth ...
2019-11-12 14:42:38,743 - trainer - INFO - Saving current best: model_best.pth ...
2019-11-12 14:49:26,180 - trainer - INFO -     epoch          : 24
2019-11-12 14:49:26,180 - trainer - INFO -     loss           : -102.69711319511458
2019-11-12 14:49:26,181 - trainer - INFO -     val_loss       : -89.96776058799342
2019-11-12 14:49:26,254 - trainer - INFO - Saving checkpoint: saved/models/ConditionalHandwriting/1112_120807/checkpoint-epoch24.pth ...
2019-11-12 14:49:26,355 - trainer - INFO - Saving current best: model_best.pth ...
2019-11-12 14:56:16,988 - trainer - INFO -     epoch          : 25
2019-11-12 14:56:16,989 - trainer - INFO -     loss           : -112.50426115227874
2019-11-12 14:56:16,989 - trainer - INFO -     val_loss       : -96.60574822676809
2019-11-12 14:56:17,075 - trainer - INFO - Saving checkpoint: saved/models/ConditionalHandwriting/1112_120807/checkpoint-epoch25.pth ...
2019-11-12 14:56:17,156 - trainer - INFO - Saving current best: model_best.pth ...
